C51 COMPILER V9.57.0.0   MAINTWO                                                           04/03/2018 22:48:41 PAGE 1   


C51 COMPILER V9.57.0.0, COMPILATION OF MODULE MAINTWO
OBJECT MODULE PLACED IN .\Objects\maintwo.obj
COMPILER INVOKED BY: D:\PROGRAM FILES\Keil C51\C51\BIN\C51.EXE maintwo.c OPTIMIZE(8,SPEED) BROWSE DEBUG OBJECTEXTEND PRI
                    -NT(.\Listings\maintwo.lst) TABS(2) OBJECT(.\Objects\maintwo.obj)

line level    source

   1          #include <reg52.h>
   2          
   3          sbit PORT = P1;
   4          sbit LATCH1 = P2^0;
   5          sbit LATCH2 = P3^5;
   6          sbit P21 = P2^1;
   7          
   8          unsigned char code Smile[] = {0x00, 0x00, 0x24, 0x24, 0x81, 0x42, 0x3c, 0x00};
   9          unsigned char code Up[]    = {0x18, 0x3c, 0x66, 0xc3, 0x00, 0x00, 0x00, 0x00};
  10          unsigned char code Left[]  = {0x18, 0x30, 0x60, 0xc0, 0xc0, 0x60, 0x30, 0x18};
  11          unsigned char code Down[]  = {0x00, 0x00, 0x00, 0x00, 0xc3, 0x66, 0x3c, 0x18};
  12          unsigned char code Right[] = {0x18, 0x0c, 0x06, 0x03, 0x03, 0x06, 0x0c, 0x18};
  13          
  14          unsigned char code Line[] = {0xfe, 0xfd, 0xfb, 0xf7, 0xef, 0xdf, 0xbf, 0x7f};
  15          
  16          void delay(unsigned int t) {
  17   1        while(--t);
  18   1      }
  19          void drow(unsigned char code *visualisation) {
  20   1        unsigned int i;
  21   1        for(i = 0; i < 8; i++) {
  22   2          PORT = 0x0;
  23   2          LATCH1 = 1;
  24   2          LATCH1 = 0;
  25   2          
  26   2          PORT = Line[i];
  27   2          LATCH2 = 1;
  28   2          LATCH2 = 0;
  29   2          
  30   2          PORT = visualisation[i];
  31   2          LATCH1 = 1;
  32   2          LATCH1 = 0;
  33   2          
  34   2          delay(5000);
  35   2        }
  36   1      }
  37          
  38          void main(void){
  39   1        P1 = 0x00;
  40   1        P21 = 0;
  41   1        
  42   1        EA = 1;
  43   1        EX0 = 1;
  44   1        IT0 = 1;
  45   1        
  46   1        while(1) {
  47   2          drow(Smile);
  48   2        }
  49   1      }
  50          
  51          /*
  52          */
  53          
  54          
C51 COMPILER V9.57.0.0   MAINTWO                                                           04/03/2018 22:48:41 PAGE 2   



MODULE INFORMATION:   STATIC OVERLAYABLE
   CODE SIZE        =    102    ----
   CONSTANT SIZE    =     48    ----
   XDATA SIZE       =   ----    ----
   PDATA SIZE       =   ----    ----
   DATA SIZE        =   ----       2
   IDATA SIZE       =   ----    ----
   BIT SIZE         =   ----    ----
END OF MODULE INFORMATION.


C51 COMPILATION COMPLETE.  0 WARNING(S),  0 ERROR(S)
